#-----------------------------------------------------------
# Webtalk v2017.2 (64-bit)
# SW Build 1909853 on Thu Jun 15 18:39:09 MDT 2017
# 
# Start of session at: Wed Sep 19 12:09:57 2018
# Process ID: 19968
# Current directory: C:/XilinxProjects/lab1/lab1.sdk/webtalk
# Command line: wbtcv.exe -mode batch -source sdk_webtalk.tcl
# Log file: C:/XilinxProjects/lab1/lab1.sdk/webtalk/webtalk.log
# Journal file: C:/XilinxProjects/lab1/lab1.sdk/webtalk\webtalk.jou
#-----------------------------------------------------------
source sdk_webtalk.tcl
# webtalk_init -webtalk_dir C:\\XilinxProjects\\lab1\\lab1.sdk\\webtalk
# webtalk_register_client -client project
# webtalk_add_data -client project -key date_generated -value "2018-09-19 12:09:56" -context "software_version_and_target_device"
# webtalk_add_data -client project -key product_version -value "SDK v2017.2" -context "software_version_and_target_device"
# webtalk_add_data -client project -key build_version -value "2017.2" -context "software_version_and_target_device"
# webtalk_add_data -client project -key os_platform -value "amd64" -context "software_version_and_target_device"
# webtalk_add_data -client project -key registration_id -value "" -context "software_version_and_target_device"
# webtalk_add_data -client project -key tool_flow -value "SDK" -context "software_version_and_target_device"
# webtalk_add_data -client project -key beta -value "false" -context "software_version_and_target_device"
# webtalk_add_data -client project -key route_design -value "NA" -context "software_version_and_target_device"
# webtalk_add_data -client project -key target_family -value "NA" -context "software_version_and_target_device"
# webtalk_add_data -client project -key target_device -value "NA" -context "software_version_and_target_device"
# webtalk_add_data -client project -key target_package -value "NA" -context "software_version_and_target_device"
# webtalk_add_data -client project -key target_speed -value "NA" -context "software_version_and_target_device"
# webtalk_add_data -client project -key random_id -value "g702q7cesikgsgjak88334g16p" -context "software_version_and_target_device"
# webtalk_add_data -client project -key project_id -value "2017.2_1" -context "software_version_and_target_device"
# webtalk_add_data -client project -key project_iteration -value "1" -context "software_version_and_target_device"
# webtalk_add_data -client project -key os_name -value "Microsoft Windows 8 or later , 64-bit" -context "user_environment"
# webtalk_add_data -client project -key os_release -value "major release  (build 9200)" -context "user_environment"
# webtalk_add_data -client project -key cpu_name -value "Intel(R) Core(TM) i7-7600U CPU @ 2.80GHz" -context "user_environment"
# webtalk_add_data -client project -key cpu_speed -value "2904 MHz" -context "user_environment"
# webtalk_add_data -client project -key total_processors -value "1" -context "user_environment"
# webtalk_add_data -client project -key system_ram -value "17.000 GB" -context "user_environment"
# webtalk_register_client -client sdk
# webtalk_add_data -client sdk -key uid -value "1537350186974" -context "sdk\\\\hardware/1537350186974"
# webtalk_add_data -client sdk -key isZynq -value "true" -context "sdk\\\\hardware/1537350186974"
# webtalk_add_data -client sdk -key isZynqMP -value "false" -context "sdk\\\\hardware/1537350186974"
# webtalk_add_data -client sdk -key Processors -value "2" -context "sdk\\\\hardware/1537350186974"
# webtalk_add_data -client sdk -key VivadoVersion -value "2017.2" -context "sdk\\\\hardware/1537350186974"
# webtalk_add_data -client sdk -key Arch -value "zynq" -context "sdk\\\\hardware/1537350186974"
# webtalk_add_data -client sdk -key Device -value "7z010" -context "sdk\\\\hardware/1537350186974"
# webtalk_add_data -client sdk -key IsHandoff -value "true" -context "sdk\\\\hardware/1537350186974"
# webtalk_add_data -client sdk -key os -value "NA" -context "sdk\\\\hardware/1537350186974"
# webtalk_add_data -client sdk -key apptemplate -value "NA" -context "sdk\\\\hardware/1537350186974"
# webtalk_add_data -client sdk -key RecordType -value "HWCreation" -context "sdk\\\\hardware/1537350186974"
# webtalk_add_data -client sdk -key uid -value "1537350266957" -context "sdk\\\\bsp/1537350266957"
# webtalk_add_data -client sdk -key hwid -value "1537350186974" -context "sdk\\\\bsp/1537350266957"
# webtalk_add_data -client sdk -key os -value "standalone" -context "sdk\\\\bsp/1537350266957"
# webtalk_add_data -client sdk -key apptemplate -value "null" -context "sdk\\\\bsp/1537350266957"
# webtalk_add_data -client sdk -key RecordType -value "BSPCreation" -context "sdk\\\\bsp/1537350266957"
# webtalk_add_data -client sdk -key uid -value "1537350561997" -context "sdk\\\\application/1537350561997"
# webtalk_add_data -client sdk -key hwid -value "1537350186974" -context "sdk\\\\application/1537350561997"
# webtalk_add_data -client sdk -key bspid -value "1537350266957" -context "sdk\\\\application/1537350561997"
# webtalk_add_data -client sdk -key newbsp -value "false" -context "sdk\\\\application/1537350561997"
# webtalk_add_data -client sdk -key os -value "standalone" -context "sdk\\\\application/1537350561997"
# webtalk_add_data -client sdk -key apptemplate -value "hello_world" -context "sdk\\\\application/1537350561997"
# webtalk_add_data -client sdk -key RecordType -value "APPCreation" -context "sdk\\\\application/1537350561997"
# webtalk_add_data -client sdk -key LangUsed -value "C" -context "sdk\\\\application/1537350561997"
# webtalk_add_data -client sdk -key Procused -value "ps7_cortexa9" -context "sdk\\\\application/1537350561997"
# webtalk_add_data -client sdk -key projSize -value "176.1640625" -context "sdk\\\\application/1537350561997"
# webtalk_add_data -client sdk -key uid -value "1537351154188" -context "sdk\\\\bsp/1537351154188"
# webtalk_add_data -client sdk -key hwid -value "1537350186974" -context "sdk\\\\bsp/1537351154188"
# webtalk_add_data -client sdk -key os -value "freertos901_xilinx" -context "sdk\\\\bsp/1537351154188"
# webtalk_add_data -client sdk -key apptemplate -value "null" -context "sdk\\\\bsp/1537351154188"
# webtalk_add_data -client sdk -key RecordType -value "BSPCreation" -context "sdk\\\\bsp/1537351154188"
# webtalk_add_data -client sdk -key uid -value "1537351472036" -context "sdk\\\\application/1537351472036"
# webtalk_add_data -client sdk -key hwid -value "1537350186974" -context "sdk\\\\application/1537351472036"
# webtalk_add_data -client sdk -key bspid -value "1537351154188" -context "sdk\\\\application/1537351472036"
# webtalk_add_data -client sdk -key newbsp -value "false" -context "sdk\\\\application/1537351472036"
# webtalk_add_data -client sdk -key os -value "freertos901_xilinx" -context "sdk\\\\application/1537351472036"
# webtalk_add_data -client sdk -key apptemplate -value "empty_application" -context "sdk\\\\application/1537351472036"
# webtalk_add_data -client sdk -key RecordType -value "APPCreation" -context "sdk\\\\application/1537351472036"
# webtalk_add_data -client sdk -key LangUsed -value "CPP" -context "sdk\\\\application/1537351472036"
# webtalk_add_data -client sdk -key Procused -value "ps7_cortexa9" -context "sdk\\\\application/1537351472036"
# webtalk_add_data -client sdk -key projSize -value "1591.19140625" -context "sdk\\\\application/1537351472036"
# webtalk_add_data -client sdk -key uid -value "NA" -context "sdk\\\\bsp/1537351796112"
# webtalk_add_data -client sdk -key RecordType -value "ToolUsage" -context "sdk\\\\bsp/1537351796112"
# webtalk_add_data -client sdk -key BootgenCount -value "0" -context "sdk\\\\bsp/1537351796112"
# webtalk_add_data -client sdk -key DebugCount -value "0" -context "sdk\\\\bsp/1537351796112"
# webtalk_add_data -client sdk -key PerfCount -value "0" -context "sdk\\\\bsp/1537351796112"
# webtalk_add_data -client sdk -key FlashCount -value "0" -context "sdk\\\\bsp/1537351796112"
# webtalk_add_data -client sdk -key CrossTriggCount -value "0" -context "sdk\\\\bsp/1537351796112"
# webtalk_add_data -client sdk -key QemuDebugCount -value "0" -context "sdk\\\\bsp/1537351796112"
# webtalk_transmit -clientid 3321088471 -regid "" -xml C:\\XilinxProjects\\lab1\\lab1.sdk\\webtalk\\usage_statistics_ext_sdk.xml -html C:\\XilinxProjects\\lab1\\lab1.sdk\\webtalk\\usage_statistics_ext_sdk.html -wdm C:\\XilinxProjects\\lab1\\lab1.sdk\\webtalk\\sdk_webtalk.wdm -intro "<H3>SDK Usage Report</H3><BR>"
INFO: [Common 17-186] 'C:\XilinxProjects\lab1\lab1.sdk\webtalk\usage_statistics_ext_sdk.xml' has been successfully sent to Xilinx on Wed Sep 19 12:10:03 2018. For additional details about this file, please refer to the WebTalk help file at C:/Xilinx/SDK/2017.2/doc/webtalk_introduction.html.
# webtalk_terminate
INFO: [Common 17-206] Exiting Webtalk at Wed Sep 19 12:10:03 2018...
