

================================================================
== Vivado HLS Report for 'digitRecognizer'
================================================================
* Date:           Mon Dec 17 21:38:43 2018

* Version:        2017.2 (Build 1909853 on Thu Jun 15 18:55:24 MDT 2017)
* Project:        layer_hls
* Solution:       solution5
* Product family: zynq
* Target device:  xc7z010clg400-1


================================================================
== Performance Estimates
================================================================
+ Timing (ns): 
    * Summary: 
    +--------+-------+----------+------------+
    |  Clock | Target| Estimated| Uncertainty|
    +--------+-------+----------+------------+
    |ap_clk  |   8.00|      7.39|        1.00|
    +--------+-------+----------+------------+

+ Latency (clock cycles): 
    * Summary: 
    +--------+--------+--------+--------+----------+
    |     Latency     |     Interval    | Pipeline |
    |   min  |   max  |   min  |   max  |   Type   |
    +--------+--------+--------+--------+----------+
    |  176474|  176474|  176098|  176098| dataflow |
    +--------+--------+--------+--------+----------+

    + Detail: 
        * Instance: 
        +-----------------+--------------+--------+--------+--------+--------+---------+
        |                 |              |     Latency     |     Interval    | Pipeline|
        |     Instance    |    Module    |   min  |   max  |   min  |   max  |   Type  |
        +-----------------+--------------+--------+--------+--------+--------+---------+
        |ho_loop_proc_U0  |ho_loop_proc  |     376|     376|     376|     376|   none  |
        |ih_loop_proc_U0  |ih_loop_proc  |  176097|  176097|  176097|  176097|   none  |
        +-----------------+--------------+--------+--------+--------+--------+---------+

        * Loop: 
        N/A



================================================================
== Utilization Estimates
================================================================
* Summary: 
+-----------------+---------+-------+-------+-------+
|       Name      | BRAM_18K| DSP48E|   FF  |  LUT  |
+-----------------+---------+-------+-------+-------+
|DSP              |        -|      -|      -|      -|
|Expression       |        -|      -|      0|      2|
|FIFO             |        -|      -|      -|      -|
|Instance         |       64|     15|  12942|   7635|
|Memory           |        4|      -|      0|      0|
|Multiplexer      |        -|      -|      -|      -|
|Register         |        -|      -|      -|      -|
+-----------------+---------+-------+-------+-------+
|Total            |       68|     15|  12942|   7637|
+-----------------+---------+-------+-------+-------+
|Available        |      120|     80|  35200|  17600|
+-----------------+---------+-------+-------+-------+
|Utilization (%)  |       56|     18|     36|     43|
+-----------------+---------+-------+-------+-------+

+ Detail: 
    * Instance: 
    +-----------------+--------------+---------+-------+-------+------+
    |     Instance    |    Module    | BRAM_18K| DSP48E|   FF  |  LUT |
    +-----------------+--------------+---------+-------+-------+------+
    |ho_loop_proc_U0  |ho_loop_proc  |        0|     10|  11764|  5060|
    |ih_loop_proc_U0  |ih_loop_proc  |       64|      5|   1178|  2575|
    +-----------------+--------------+---------+-------+-------+------+
    |Total            |              |       64|     15|  12942|  7635|
    +-----------------+--------------+---------+-------+-------+------+

    * DSP48: 
    N/A

    * Memory: 
    +-------------+----------------------+---------+---+----+------+-----+------+-------------+
    |    Memory   |        Module        | BRAM_18K| FF| LUT| Words| Bits| Banks| W*Bits*Banks|
    +-------------+----------------------+---------+---+----+------+-----+------+-------------+
    |hiddenOut_U  |digitRecognizer_hMgi  |        4|  0|   0|    32|   32|     2|         2048|
    +-------------+----------------------+---------+---+----+------+-----+------+-------------+
    |Total        |                      |        4|  0|   0|    32|   32|     2|         2048|
    +-------------+----------------------+---------+---+----+------+-----+------+-------------+

    * FIFO: 
    N/A

    * Expression: 
    +--------------+----------+-------+---+----+------------+------------+
    | Variable Name| Operation| DSP48E| FF| LUT| Bitwidth P0| Bitwidth P1|
    +--------------+----------+-------+---+----+------------+------------+
    |ap_idle       |    and   |      0|  0|   2|           1|           1|
    +--------------+----------+-------+---+----+------------+------------+
    |Total         |          |      0|  0|   2|           1|           1|
    +--------------+----------+-------+---+----+------------+------------+

    * Multiplexer: 
    N/A

    * Register: 
    N/A



================================================================
== Interface
================================================================
* Summary: 
+--------------------+-----+-----+------------+-----------------+--------------+
|      RTL Ports     | Dir | Bits|  Protocol  |  Source Object  |    C Type    |
+--------------------+-----+-----+------------+-----------------+--------------+
|ap_clk              |  in |    1| ap_ctrl_hs | digitRecognizer | return value |
|ap_rst              |  in |    1| ap_ctrl_hs | digitRecognizer | return value |
|ap_done             | out |    1| ap_ctrl_hs | digitRecognizer | return value |
|ap_start            |  in |    1| ap_ctrl_hs | digitRecognizer | return value |
|ap_ready            | out |    1| ap_ctrl_hs | digitRecognizer | return value |
|ap_idle             | out |    1| ap_ctrl_hs | digitRecognizer | return value |
|inputData_address0  | out |   10|  ap_memory |    inputData    |     array    |
|inputData_ce0       | out |    1|  ap_memory |    inputData    |     array    |
|inputData_d0        | out |   32|  ap_memory |    inputData    |     array    |
|inputData_q0        |  in |   32|  ap_memory |    inputData    |     array    |
|inputData_we0       | out |    1|  ap_memory |    inputData    |     array    |
|inputData_address1  | out |   10|  ap_memory |    inputData    |     array    |
|inputData_ce1       | out |    1|  ap_memory |    inputData    |     array    |
|inputData_d1        | out |   32|  ap_memory |    inputData    |     array    |
|inputData_q1        |  in |   32|  ap_memory |    inputData    |     array    |
|inputData_we1       | out |    1|  ap_memory |    inputData    |     array    |
|output_r_address0   | out |    4|  ap_memory |     output_r    |     array    |
|output_r_ce0        | out |    1|  ap_memory |     output_r    |     array    |
|output_r_d0         | out |   32|  ap_memory |     output_r    |     array    |
|output_r_q0         |  in |   32|  ap_memory |     output_r    |     array    |
|output_r_we0        | out |    1|  ap_memory |     output_r    |     array    |
|output_r_address1   | out |    4|  ap_memory |     output_r    |     array    |
|output_r_ce1        | out |    1|  ap_memory |     output_r    |     array    |
|output_r_d1         | out |   32|  ap_memory |     output_r    |     array    |
|output_r_q1         |  in |   32|  ap_memory |     output_r    |     array    |
|output_r_we1        | out |    1|  ap_memory |     output_r    |     array    |
+--------------------+-----+-----+------------+-----------------+--------------+

