

================================================================
== Vivado HLS Report for 'digitRecognizer'
================================================================
* Date:           Mon Dec 17 18:02:43 2018

* Version:        2017.2 (Build 1909853 on Thu Jun 15 18:55:24 MDT 2017)
* Project:        layer_hls
* Solution:       solution3
* Product family: zynq
* Target device:  xc7z010clg400-1


================================================================
== Performance Estimates
================================================================
+ Timing (ns): 
    * Summary: 
    +--------+-------+----------+------------+
    |  Clock | Target| Estimated| Uncertainty|
    +--------+-------+----------+------------+
    |ap_clk  |   8.00|      6.79|        1.00|
    +--------+-------+----------+------------+

+ Latency (clock cycles): 
    * Summary: 
    +--------+--------+--------+--------+---------+
    |     Latency     |     Interval    | Pipeline|
    |   min  |   max  |   min  |   max  |   Type  |
    +--------+--------+--------+--------+---------+
    |  178268|  178268|  178269|  178269|   none  |
    +--------+--------+--------+--------+---------+

    + Detail: 
        * Instance: 
        N/A

        * Loop: 
        +------------+--------+--------+----------+-----------+-----------+------+----------+
        |            |     Latency     | Iteration|  Initiation Interval  | Trip |          |
        |  Loop Name |   min  |   max  |  Latency |  achieved |   target  | Count| Pipelined|
        +------------+--------+--------+----------+-----------+-----------+------+----------+
        |- ih_loop   |  175936|  175936|      5498|          -|          -|    32|    no    |
        | + hn_loop  |    5493|    5493|        13|          7|          1|   784|    yes   |
        |- ho_loop   |    2330|    2330|       233|          -|          -|    10|    no    |
        | + on_loop  |     229|     229|        13|          7|          1|    32|    yes   |
        +------------+--------+--------+----------+-----------+-----------+------+----------+



================================================================
== Utilization Estimates
================================================================
* Summary: 
+-----------------+---------+-------+-------+-------+
|       Name      | BRAM_18K| DSP48E|   FF  |  LUT  |
+-----------------+---------+-------+-------+-------+
|DSP              |        -|      -|      -|      -|
|Expression       |        -|      -|    326|    217|
|FIFO             |        -|      -|      -|      -|
|Instance         |        -|      5|    515|    978|
|Memory           |       66|      -|      0|      0|
|Multiplexer      |        -|      -|      -|    314|
|Register         |        -|      -|    359|      -|
+-----------------+---------+-------+-------+-------+
|Total            |       66|      5|   1200|   1509|
+-----------------+---------+-------+-------+-------+
|Available        |      120|     80|  35200|  17600|
+-----------------+---------+-------+-------+-------+
|Utilization (%)  |       55|      6|      3|      8|
+-----------------+---------+-------+-------+-------+

+ Detail: 
    * Instance: 
    +-------------------------+----------------------+---------+-------+-----+-----+
    |         Instance        |        Module        | BRAM_18K| DSP48E|  FF | LUT |
    +-------------------------+----------------------+---------+-------+-----+-----+
    |digitRecognizer_feOg_U0  |digitRecognizer_feOg  |        0|      2|  306|  418|
    |digitRecognizer_ffYi_U1  |digitRecognizer_ffYi  |        0|      3|  143|  321|
    |digitRecognizer_fg8j_U2  |digitRecognizer_fg8j  |        0|      0|   66|  239|
    +-------------------------+----------------------+---------+-------+-----+-----+
    |Total                    |                      |        0|      5|  515|  978|
    +-------------------------+----------------------+---------+-------+-----+-----+

    * DSP48: 
    N/A

    * Memory: 
    +------------------------+----------------------+---------+---+----+-------+-----+------+-------------+
    |         Memory         |        Module        | BRAM_18K| FF| LUT| Words | Bits| Banks| W*Bits*Banks|
    +------------------------+----------------------+---------+---+----+-------+-----+------+-------------+
    |hiddenToOutputWeight_U  |digitRecognizer_hcud  |        1|  0|   0|    330|   32|     1|        10560|
    |hiddenOut_U             |digitRecognizer_hdEe  |        1|  0|   0|     32|   32|     1|         1024|
    |inputToHiddenWeights_U  |digitRecognizer_ibkb  |       64|  0|   0|  25120|   32|     1|       803840|
    +------------------------+----------------------+---------+---+----+-------+-----+------+-------------+
    |Total                   |                      |       66|  0|   0|  25482|   96|     3|       815424|
    +------------------------+----------------------+---------+---+----+-------+-----+------+-------------+

    * FIFO: 
    N/A

    * Expression: 
    +-------------------------+----------+-------+----+----+------------+------------+
    |      Variable Name      | Operation| DSP48E| FF | LUT| Bitwidth P0| Bitwidth P1|
    +-------------------------+----------+-------+----+----+------------+------------+
    |i_2_fu_339_p2            |     +    |      0|  35|  15|          10|           1|
    |i_3_fu_467_p2            |     +    |      0|  23|  11|           6|           1|
    |next_mul_fu_285_p2       |     +    |      0|  50|  20|          15|          10|
    |o_2_fu_297_p2            |     +    |      0|  23|  11|           6|           1|
    |o_3_fu_399_p2            |     +    |      0|  17|   9|           4|           1|
    |sum2_fu_328_p2           |     +    |      0|  35|  15|          10|           2|
    |tmp_16_fu_317_p2         |     +    |      0|  50|  20|          15|          15|
    |tmp_17_fu_446_p2         |     +    |      0|  35|  15|          10|          10|
    |tmp_4_fu_456_p2          |     +    |      0|  23|  11|           6|           2|
    |tmp_5_fu_421_p2          |     +    |      0|  35|  15|          10|          10|
    |tmp_15_fu_379_p2         |    and   |      0|   0|   2|           1|           1|
    |exitcond1_fu_393_p2      |   icmp   |      0|   0|   2|           4|           4|
    |exitcond2_fu_307_p2      |   icmp   |      0|   0|   5|          10|           9|
    |exitcond3_fu_291_p2      |   icmp   |      0|   0|   4|           6|           7|
    |exitcond_fu_436_p2       |   icmp   |      0|   0|   3|           6|           6|
    |notlhs_fu_363_p2         |   icmp   |      0|   0|   4|           8|           2|
    |notrhs_fu_369_p2         |   icmp   |      0|   0|  13|          23|           1|
    |tmp_13_fu_375_p2         |    or    |      0|   0|   2|           1|           1|
    |hiddenOut_d0             |  select  |      0|   0|  32|           1|           1|
    |ap_enable_pp0            |    xor   |      0|   0|   2|           1|           2|
    |ap_enable_pp1            |    xor   |      0|   0|   2|           1|           2|
    |ap_enable_reg_pp0_iter1  |    xor   |      0|   0|   2|           1|           2|
    |ap_enable_reg_pp1_iter1  |    xor   |      0|   0|   2|           1|           2|
    +-------------------------+----------+-------+----+----+------------+------------+
    |Total                    |          |      0| 326| 217|         156|          93|
    +-------------------------+----------+-------+----+----+------------+------------+

    * Multiplexer: 
    +-------------------------------+-----+-----------+-----+-----------+
    |              Name             | LUT | Input Size| Bits| Total Bits|
    +-------------------------------+-----+-----------+-----+-----------+
    |ap_NS_fsm                      |  113|         23|    1|         23|
    |ap_enable_reg_pp0_iter1        |   15|          3|    1|          3|
    |ap_enable_reg_pp1_iter1        |   15|          3|    1|          3|
    |grp_fu_253_p0                  |   15|          3|   32|         96|
    |grp_fu_259_p0                  |   15|          3|   32|         96|
    |grp_fu_259_p1                  |   15|          3|   32|         96|
    |hiddenOut_address0             |   15|          3|    5|         15|
    |hiddenToOutputWeight_address0  |   15|          3|    9|         27|
    |i_1_phi_fu_235_p4              |    9|          2|    6|         12|
    |i_1_reg_231                    |    9|          2|    6|         12|
    |i_phi_fu_202_p4                |    9|          2|   10|         20|
    |i_reg_198                      |    9|          2|   10|         20|
    |inputToHiddenWeights_address0  |   15|          3|   15|         45|
    |o_1_reg_219                    |    9|          2|    4|          8|
    |o_reg_174                      |    9|          2|    6|         12|
    |phi_mul_reg_186                |    9|          2|   15|         30|
    |sum1_reg_209                   |    9|          2|   32|         64|
    |sum3_reg_242                   |    9|          2|   32|         64|
    +-------------------------------+-----+-----------+-----+-----------+
    |Total                          |  314|         65|  249|        646|
    +-------------------------------+-----+-----------+-----+-----------+

    * Register: 
    +------------------------------------+----+----+-----+-----------+
    |                Name                | FF | LUT| Bits| Const Bits|
    +------------------------------------+----+----+-----+-----------+
    |ap_CS_fsm                           |  22|   0|   22|          0|
    |ap_enable_reg_pp0_iter0             |   1|   0|    1|          0|
    |ap_enable_reg_pp0_iter1             |   1|   0|    1|          0|
    |ap_enable_reg_pp1_iter0             |   1|   0|    1|          0|
    |ap_enable_reg_pp1_iter1             |   1|   0|    1|          0|
    |ap_reg_pp0_iter1_exitcond2_reg_501  |   1|   0|    1|          0|
    |ap_reg_pp1_iter1_exitcond_reg_573   |   1|   0|    1|          0|
    |exitcond2_reg_501                   |   1|   0|    1|          0|
    |exitcond_reg_573                    |   1|   0|    1|          0|
    |hiddenOut_load_reg_597              |  32|   0|   32|          0|
    |hiddenToOutputWeight_2_reg_592      |  32|   0|   32|          0|
    |i_1_reg_231                         |   6|   0|    6|          0|
    |i_2_reg_515                         |  10|   0|   10|          0|
    |i_3_reg_587                         |   6|   0|    6|          0|
    |i_reg_198                           |  10|   0|   10|          0|
    |inputData_load_reg_525              |  32|   0|   32|          0|
    |inputToHiddenWeights_2_reg_520      |  32|   0|   32|          0|
    |next_mul_reg_473                    |  15|   0|   15|          0|
    |notlhs_reg_530                      |   1|   0|    1|          0|
    |notrhs_reg_535                      |   1|   0|    1|          0|
    |o_1_reg_219                         |   4|   0|    4|          0|
    |o_2_reg_481                         |   6|   0|    6|          0|
    |o_3_reg_548                         |   4|   0|    4|          0|
    |o_reg_174                           |   6|   0|    6|          0|
    |phi_mul_reg_186                     |  15|   0|   15|          0|
    |reg_269                             |  32|   0|   32|          0|
    |sum1_reg_209                        |  32|   0|   32|          0|
    |sum3_reg_242                        |  32|   0|   32|          0|
    |tmp_14_reg_540                      |   1|   0|    1|          0|
    |tmp_1_reg_563                       |   4|   0|   32|         28|
    |tmp_5_reg_553                       |  10|   0|   10|          0|
    |tmp_reg_491                         |   6|   0|   32|         26|
    +------------------------------------+----+----+-----+-----------+
    |Total                               | 359|   0|  413|         54|
    +------------------------------------+----+----+-----+-----------+



================================================================
== Interface
================================================================
* Summary: 
+--------------------+-----+-----+------------+-----------------+--------------+
|      RTL Ports     | Dir | Bits|  Protocol  |  Source Object  |    C Type    |
+--------------------+-----+-----+------------+-----------------+--------------+
|ap_clk              |  in |    1| ap_ctrl_hs | digitRecognizer | return value |
|ap_rst              |  in |    1| ap_ctrl_hs | digitRecognizer | return value |
|ap_start            |  in |    1| ap_ctrl_hs | digitRecognizer | return value |
|ap_done             | out |    1| ap_ctrl_hs | digitRecognizer | return value |
|ap_idle             | out |    1| ap_ctrl_hs | digitRecognizer | return value |
|ap_ready            | out |    1| ap_ctrl_hs | digitRecognizer | return value |
|inputData_address0  | out |   10|  ap_memory |    inputData    |     array    |
|inputData_ce0       | out |    1|  ap_memory |    inputData    |     array    |
|inputData_q0        |  in |   32|  ap_memory |    inputData    |     array    |
|output_r_address0   | out |    4|  ap_memory |     output_r    |     array    |
|output_r_ce0        | out |    1|  ap_memory |     output_r    |     array    |
|output_r_we0        | out |    1|  ap_memory |     output_r    |     array    |
|output_r_d0         | out |   32|  ap_memory |     output_r    |     array    |
+--------------------+-----+-----+------------+-----------------+--------------+

