11:42:55 INFO  : Registering command handlers for SDK TCF services
11:42:56 INFO  : Launching XSCT server: xsct.bat -interactive C:\XilinxProjects\lab1\lab1.sdk\temp_xsdb_launch_script.tcl
11:42:58 INFO  : XSCT server has started successfully.
11:42:58 INFO  : Successfully done setting XSCT server connection channel  
11:43:05 INFO  : Successfully done setting SDK workspace  
11:43:05 INFO  : Processing command line option -hwspec C:/XilinxProjects/lab1/lab1.sdk/system_wrapper.hdf.
11:50:00 INFO  : Connected to target on host '127.0.0.1' and port '3121'.
11:50:03 INFO  : 'targets -set -filter {jtag_cable_name =~ "Digilent Zybo 210279A6A532A" && level==0} -index 1' command is executed.
11:50:04 INFO  : FPGA configured successfully with bitstream "C:/XilinxProjects/lab1/lab1.sdk/system_wrapper_hw_platform_0/system_wrapper.bit"
11:50:51 INFO  : ps7_init is completed.
11:50:52 INFO  : ps7_post_config is completed.
11:50:52 INFO  : Processor reset is completed for ps7_cortexa9_0
11:50:52 ERROR : Port COM5 is already in use.
11:51:08 INFO  : Processor reset is completed for ps7_cortexa9_0
11:56:59 INFO  : Processor reset is completed for ps7_cortexa9_0
12:07:40 INFO  : Processor reset is completed for ps7_cortexa9_0
12:08:11 INFO  : Processor reset is completed for ps7_cortexa9_0
12:10:00 ERROR : Unexpected error while parsing XMD response ?: com.google.gson.JsonSyntaxException: com.google.gson.stream.MalformedJsonException: invalid number or unquoted string near 
12:11:01 INFO  : Registering command handlers for SDK TCF services
12:11:01 INFO  : Launching XSCT server: xsct.bat -interactive C:\XilinxProjects\lab1\lab1.sdk\temp_xsdb_launch_script.tcl
12:11:03 INFO  : XSCT server has started successfully.
12:11:03 INFO  : Successfully done setting XSCT server connection channel  
12:11:09 INFO  : Successfully done setting SDK workspace  
10:30:33 ERROR : Checking FPGA configuration failed..Connection to Board Failed


    Unknown Error Occured
    Cable is not connected to the host

10:30:33 ERROR : Unexpected error while launching program.
com.xilinx.sdk.targetmanager.TMException: Connection to Board Failed


    Unknown Error Occured
    Cable is not connected to the host

	at com.xilinx.sdk.targetmanager.internal.TM.isFPGAConfigured(TM.java:374)
	at com.xilinx.sdk.debug.core.XilinxAppLaunchConfigurationDelegate.isFpgaConfigured(XilinxAppLaunchConfigurationDelegate.java:409)
	at com.xilinx.sdk.debug.core.XilinxAppLaunchConfigurationDelegate.launch(XilinxAppLaunchConfigurationDelegate.java:303)
	at com.xilinx.sdk.debug.ui.XilinxAppLaunchDelegateWrapper.launch(XilinxAppLaunchDelegateWrapper.java:31)
	at org.eclipse.debug.internal.core.LaunchConfiguration.launch(LaunchConfiguration.java:885)
	at org.eclipse.debug.internal.core.LaunchConfiguration.launch(LaunchConfiguration.java:739)
	at org.eclipse.debug.internal.ui.DebugUIPlugin.buildAndLaunch(DebugUIPlugin.java:1039)
	at org.eclipse.debug.internal.ui.DebugUIPlugin$8.run(DebugUIPlugin.java:1256)
	at org.eclipse.core.internal.jobs.Worker.run(Worker.java:55)
10:31:06 INFO  : Connected to target on host '127.0.0.1' and port '3121'.
10:31:07 INFO  : 'targets -set -filter {jtag_cable_name =~ "Digilent Zybo 210279A6A532A" && level==0} -index 1' command is executed.
10:31:08 INFO  : FPGA configured successfully with bitstream "C:/XilinxProjects/lab1/lab1.sdk/system_wrapper_hw_platform_0/system_wrapper.bit"
10:31:25 INFO  : ps7_init is completed.
10:31:25 INFO  : ps7_post_config is completed.
10:31:25 INFO  : Processor reset is completed for ps7_cortexa9_0
10:32:32 INFO  : Connected to target on host '127.0.0.1' and port '3121'.
10:32:32 INFO  : 'targets -set -filter {jtag_cable_name =~ "Digilent Zybo 210279A6A532A" && level==0} -index 1' command is executed.
10:32:34 INFO  : FPGA configured successfully with bitstream "C:/XilinxProjects/lab1/lab1.sdk/system_wrapper_hw_platform_0/system_wrapper.bit"
10:33:11 INFO  : ps7_init is completed.
10:33:11 INFO  : ps7_post_config is completed.
10:33:11 INFO  : Processor reset is completed for ps7_cortexa9_0
14:21:18 ERROR : Unexpected error while parsing XMD response ?: com.google.gson.JsonSyntaxException: com.google.gson.stream.MalformedJsonException: invalid number or unquoted string near 
11:03:08 INFO  : Registering command handlers for SDK TCF services
11:03:09 INFO  : Launching XSCT server: xsct.bat -interactive C:\XilinxProjects\lab1\lab1.sdk\temp_xsdb_launch_script.tcl
11:03:14 INFO  : XSCT server has started successfully.
11:03:23 INFO  : Successfully done setting XSCT server connection channel  
11:03:23 INFO  : Successfully done setting SDK workspace  
11:35:28 INFO  : 'targets -set -filter {jtag_cable_name =~ "Digilent Zybo 210279A6A532A" && level==0} -index 1' command is executed.
11:35:28 INFO  : 'fpga -state' command is executed.
11:36:01 INFO  : Connected to target on host '127.0.0.1' and port '3121'.
11:36:01 INFO  : Jtag cable 'Digilent Zybo 210279A6A532A' is selected.
11:36:01 INFO  : 'jtag frequency' command is executed.
11:36:01 INFO  : Sourcing of 'C:/XilinxProjects/lab1/lab1.sdk/system_wrapper_hw_platform_0/ps7_init.tcl' is done.
11:36:01 INFO  : Context for 'APU' is selected.
11:36:01 INFO  : Hardware design information is loaded from 'C:/XilinxProjects/lab1/lab1.sdk/system_wrapper_hw_platform_0/system.hdf'.
11:36:01 INFO  : 'configparams force-mem-access 1' command is executed.
11:36:01 INFO  : Context for 'APU' is selected.
11:36:01 INFO  : 'stop' command is executed.
11:36:02 INFO  : 'ps7_init' command is executed.
11:36:02 INFO  : 'ps7_post_config' command is executed.
11:36:02 INFO  : Context for processor 'ps7_cortexa9_0' is selected.
11:36:02 INFO  : Processor reset is completed for 'ps7_cortexa9_0'.
11:36:02 INFO  : Context for processor 'ps7_cortexa9_0' is selected.
11:36:04 INFO  : The application 'C:/XilinxProjects/lab1/lab1.sdk/CppTestRtos/Debug/CppTestRtos.elf' is downloaded to processor 'ps7_cortexa9_0'.
11:36:04 INFO  : 'configparams force-mem-access 0' command is executed.
11:36:04 INFO  : ----------------XSDB Script----------------
connect -url tcp:127.0.0.1:3121
source C:/XilinxProjects/lab1/lab1.sdk/system_wrapper_hw_platform_0/ps7_init.tcl
targets -set -nocase -filter {name =~"APU*" && jtag_cable_name =~ "Digilent Zybo 210279A6A532A"} -index 0
loadhw -hw C:/XilinxProjects/lab1/lab1.sdk/system_wrapper_hw_platform_0/system.hdf -mem-ranges [list {0x40000000 0xbfffffff}]
configparams force-mem-access 1
targets -set -nocase -filter {name =~"APU*" && jtag_cable_name =~ "Digilent Zybo 210279A6A532A"} -index 0
stop
ps7_init
ps7_post_config
targets -set -nocase -filter {name =~ "ARM*#0" && jtag_cable_name =~ "Digilent Zybo 210279A6A532A"} -index 0
rst -processor
targets -set -nocase -filter {name =~ "ARM*#0" && jtag_cable_name =~ "Digilent Zybo 210279A6A532A"} -index 0
dow C:/XilinxProjects/lab1/lab1.sdk/CppTestRtos/Debug/CppTestRtos.elf
configparams force-mem-access 0
----------------End of Script----------------

11:36:04 INFO  : Memory regions updated for context APU
11:36:04 INFO  : Context for processor 'ps7_cortexa9_0' is selected.
11:36:04 INFO  : 'con' command is executed.
11:36:04 INFO  : ----------------XSDB Script (After Launch)----------------
targets -set -nocase -filter {name =~ "ARM*#0" && jtag_cable_name =~ "Digilent Zybo 210279A6A532A"} -index 0
con
----------------End of Script----------------

11:36:04 INFO  : Launch script is exported to file 'C:\XilinxProjects\lab1\lab1.sdk\.sdk\launch_scripts\xilinx_c-c++_application_(system_debugger)\system_debugger_using_debug_cpptestrtos.elf_on_local.tcl'
11:37:20 INFO  : Disconnected from the channel tcfchan#1.
11:37:21 INFO  : 'targets -set -filter {jtag_cable_name =~ "Digilent Zybo 210279A6A532A" && level==0} -index 1' command is executed.
11:37:21 INFO  : 'fpga -state' command is executed.
11:37:34 INFO  : Connected to target on host '127.0.0.1' and port '3121'.
11:37:35 INFO  : Jtag cable 'Digilent Zybo 210279A6A532A' is selected.
11:37:35 INFO  : 'jtag frequency' command is executed.
11:37:35 INFO  : Sourcing of 'C:/XilinxProjects/lab1/lab1.sdk/system_wrapper_hw_platform_0/ps7_init.tcl' is done.
11:37:35 INFO  : Context for 'APU' is selected.
11:37:37 INFO  : Hardware design information is loaded from 'C:/XilinxProjects/lab1/lab1.sdk/system_wrapper_hw_platform_0/system.hdf'.
11:37:37 INFO  : 'configparams force-mem-access 1' command is executed.
11:37:37 INFO  : Context for 'APU' is selected.
11:37:37 INFO  : 'stop' command is executed.
11:37:37 INFO  : 'ps7_init' command is executed.
11:37:37 INFO  : 'ps7_post_config' command is executed.
11:37:37 INFO  : Context for processor 'ps7_cortexa9_0' is selected.
11:37:37 INFO  : Processor reset is completed for 'ps7_cortexa9_0'.
11:37:37 INFO  : Context for processor 'ps7_cortexa9_0' is selected.
11:37:39 INFO  : The application 'C:/XilinxProjects/lab1/lab1.sdk/CppTestRtos/Debug/CppTestRtos.elf' is downloaded to processor 'ps7_cortexa9_0'.
11:37:39 INFO  : 'configparams force-mem-access 0' command is executed.
11:37:39 INFO  : ----------------XSDB Script----------------
connect -url tcp:127.0.0.1:3121
source C:/XilinxProjects/lab1/lab1.sdk/system_wrapper_hw_platform_0/ps7_init.tcl
targets -set -nocase -filter {name =~"APU*" && jtag_cable_name =~ "Digilent Zybo 210279A6A532A"} -index 0
loadhw -hw C:/XilinxProjects/lab1/lab1.sdk/system_wrapper_hw_platform_0/system.hdf -mem-ranges [list {0x40000000 0xbfffffff}]
configparams force-mem-access 1
targets -set -nocase -filter {name =~"APU*" && jtag_cable_name =~ "Digilent Zybo 210279A6A532A"} -index 0
stop
ps7_init
ps7_post_config
targets -set -nocase -filter {name =~ "ARM*#0" && jtag_cable_name =~ "Digilent Zybo 210279A6A532A"} -index 0
rst -processor
targets -set -nocase -filter {name =~ "ARM*#0" && jtag_cable_name =~ "Digilent Zybo 210279A6A532A"} -index 0
dow C:/XilinxProjects/lab1/lab1.sdk/CppTestRtos/Debug/CppTestRtos.elf
configparams force-mem-access 0
----------------End of Script----------------

11:37:39 INFO  : Memory regions updated for context APU
11:37:39 INFO  : Context for processor 'ps7_cortexa9_0' is selected.
11:37:39 INFO  : 'con' command is executed.
11:37:39 INFO  : ----------------XSDB Script (After Launch)----------------
targets -set -nocase -filter {name =~ "ARM*#0" && jtag_cable_name =~ "Digilent Zybo 210279A6A532A"} -index 0
con
----------------End of Script----------------

11:37:39 INFO  : Launch script is exported to file 'C:\XilinxProjects\lab1\lab1.sdk\.sdk\launch_scripts\xilinx_c-c++_application_(system_debugger)\system_debugger_using_debug_cpptestrtos.elf_on_local.tcl'
20:23:44 INFO  : Disconnected from the channel tcfchan#2.
