

================================================================
== Vivado HLS Report for 'Loop_ho_loop_proc'
================================================================
* Date:           Tue Dec 18 12:48:16 2018

* Version:        2017.2 (Build 1909853 on Thu Jun 15 18:55:24 MDT 2017)
* Project:        nn_hls
* Solution:       solution5
* Product family: zynq
* Target device:  xc7z010clg400-1


================================================================
== Performance Estimates
================================================================
+ Timing (ns): 
    * Summary: 
    +--------+-------+----------+------------+
    |  Clock | Target| Estimated| Uncertainty|
    +--------+-------+----------+------------+
    |ap_clk  |   8.00|      6.44|        1.00|
    +--------+-------+----------+------------+

+ Latency (clock cycles): 
    * Summary: 
    +------+------+------+------+---------+
    |   Latency   |   Interval  | Pipeline|
    |  min |  max |  min |  max |   Type  |
    +------+------+------+------+---------+
    |  2331|  2331|  2331|  2331|   none  |
    +------+------+------+------+---------+

    + Detail: 
        * Instance: 
        N/A

        * Loop: 
        +------------+------+------+----------+-----------+-----------+------+----------+
        |            |   Latency   | Iteration|  Initiation Interval  | Trip |          |
        |  Loop Name |  min |  max |  Latency |  achieved |   target  | Count| Pipelined|
        +------------+------+------+----------+-----------+-----------+------+----------+
        |- ho_loop   |  2330|  2330|       233|          -|          -|    10|    no    |
        | + on_loop  |   229|   229|        13|          7|          1|    32|    yes   |
        +------------+------+------+----------+-----------+-----------+------+----------+



================================================================
== Utilization Estimates
================================================================
* Summary: 
+-----------------+---------+-------+-------+-------+
|       Name      | BRAM_18K| DSP48E|   FF  |  LUT  |
+-----------------+---------+-------+-------+-------+
|DSP              |        -|      -|      -|      -|
|Expression       |        -|      -|    133|     72|
|FIFO             |        -|      -|      -|      -|
|Instance         |        -|      5|    449|    739|
|Memory           |        1|      -|      0|      0|
|Multiplexer      |        -|      -|      -|    140|
|Register         |        -|      -|    178|      -|
+-----------------+---------+-------+-------+-------+
|Total            |        1|      5|    760|    951|
+-----------------+---------+-------+-------+-------+
|Available        |      120|     80|  35200|  17600|
+-----------------+---------+-------+-------+-------+
|Utilization (%)  |    ~0   |      6|      2|      5|
+-----------------+---------+-------+-------+-------+

+ Detail: 
    * Instance: 
    +---------------------------+----------------------+---------+-------+-----+-----+
    |          Instance         |        Module        | BRAM_18K| DSP48E|  FF | LUT |
    +---------------------------+----------------------+---------+-------+-----+-----+
    |digitRecognizer_fcud_x_U6  |digitRecognizer_fcud  |        0|      2|  306|  418|
    |digitRecognizer_fdEe_x_U7  |digitRecognizer_fdEe  |        0|      3|  143|  321|
    +---------------------------+----------------------+---------+-------+-----+-----+
    |Total                      |                      |        0|      5|  449|  739|
    +---------------------------+----------------------+---------+-------+-----+-----+

    * DSP48: 
    N/A

    * Memory: 
    +------------------------+----------------------+---------+---+----+------+-----+------+-------------+
    |         Memory         |        Module        | BRAM_18K| FF| LUT| Words| Bits| Banks| W*Bits*Banks|
    +------------------------+----------------------+---------+---+----+------+-----+------+-------------+
    |hiddenToOutputWeight_U  |Loop_ho_loop_procfYi  |        1|  0|   0|   330|   32|     1|        10560|
    +------------------------+----------------------+---------+---+----+------+-----+------+-------------+
    |Total                   |                      |        1|  0|   0|   330|   32|     1|        10560|
    +------------------------+----------------------+---------+---+----+------+-----+------+-------------+

    * FIFO: 
    N/A

    * Expression: 
    +-------------------------+----------+-------+----+----+------------+------------+
    |      Variable Name      | Operation| DSP48E| FF | LUT| Bitwidth P0| Bitwidth P1|
    +-------------------------+----------+-------+----+----+------------+------------+
    |i_fu_215_p2              |     +    |      0|  23|  11|           6|           1|
    |o_fu_147_p2              |     +    |      0|  17|   9|           4|           1|
    |tmp_4_fu_204_p2          |     +    |      0|  23|  11|           6|           2|
    |tmp_9_fu_169_p2          |     +    |      0|  35|  15|          10|          10|
    |tmp_s_fu_194_p2          |     +    |      0|  35|  15|          10|          10|
    |exitcond1_fu_141_p2      |   icmp   |      0|   0|   2|           4|           4|
    |exitcond_fu_184_p2       |   icmp   |      0|   0|   3|           6|           6|
    |ap_block_state1          |    or    |      0|   0|   2|           1|           1|
    |ap_enable_pp0            |    xor   |      0|   0|   2|           1|           2|
    |ap_enable_reg_pp0_iter1  |    xor   |      0|   0|   2|           1|           2|
    +-------------------------+----------+-------+----+----+------------+------------+
    |Total                    |          |      0| 133|  72|          49|          39|
    +-------------------------+----------+-------+----+----+------------+------------+

    * Multiplexer: 
    +-------------------------------+----+-----------+-----+-----------+
    |              Name             | LUT| Input Size| Bits| Total Bits|
    +-------------------------------+----+-----------+-----+-----------+
    |ap_NS_fsm                      |  65|         12|    1|         12|
    |ap_done                        |   9|          2|    1|          2|
    |ap_enable_reg_pp0_iter1        |  15|          3|    1|          3|
    |hiddenToOutputWeight_address0  |  15|          3|    9|         27|
    |i_1_phi_fu_114_p4              |   9|          2|    6|         12|
    |i_1_reg_110                    |   9|          2|    6|         12|
    |o_1_reg_98                     |   9|          2|    4|          8|
    |sum1_reg_121                   |   9|          2|   32|         64|
    +-------------------------------+----+-----------+-----+-----------+
    |Total                          | 140|         28|   60|        140|
    +-------------------------------+----+-----------+-----+-----------+

    * Register: 
    +-----------------------------------+----+----+-----+-----------+
    |                Name               | FF | LUT| Bits| Const Bits|
    +-----------------------------------+----+----+-----+-----------+
    |ap_CS_fsm                          |  11|   0|   11|          0|
    |ap_done_reg                        |   1|   0|    1|          0|
    |ap_enable_reg_pp0_iter0            |   1|   0|    1|          0|
    |ap_enable_reg_pp0_iter1            |   1|   0|    1|          0|
    |ap_reg_pp0_iter1_exitcond_reg_249  |   1|   0|    1|          0|
    |exitcond_reg_249                   |   1|   0|    1|          0|
    |hiddenOut_load_reg_273             |  32|   0|   32|          0|
    |hiddenToOutputWeight_2_reg_268     |  32|   0|   32|          0|
    |i_1_reg_110                        |   6|   0|    6|          0|
    |i_reg_263                          |   6|   0|    6|          0|
    |o_1_reg_98                         |   4|   0|    4|          0|
    |o_reg_224                          |   4|   0|    4|          0|
    |sum1_reg_121                       |  32|   0|   32|          0|
    |tmp_1_reg_239                      |   4|   0|   32|         28|
    |tmp_8_reg_278                      |  32|   0|   32|          0|
    |tmp_9_reg_229                      |  10|   0|   10|          0|
    +-----------------------------------+----+----+-----+-----------+
    |Total                              | 178|   0|  206|         28|
    +-----------------------------------+----+----+-----+-----------+



================================================================
== Interface
================================================================
* Summary: 
+--------------------+-----+-----+------------+-------------------+--------------+
|      RTL Ports     | Dir | Bits|  Protocol  |   Source Object   |    C Type    |
+--------------------+-----+-----+------------+-------------------+--------------+
|ap_clk              |  in |    1| ap_ctrl_hs | Loop_ho_loop_proc | return value |
|ap_rst              |  in |    1| ap_ctrl_hs | Loop_ho_loop_proc | return value |
|ap_start            |  in |    1| ap_ctrl_hs | Loop_ho_loop_proc | return value |
|ap_done             | out |    1| ap_ctrl_hs | Loop_ho_loop_proc | return value |
|ap_continue         |  in |    1| ap_ctrl_hs | Loop_ho_loop_proc | return value |
|ap_idle             | out |    1| ap_ctrl_hs | Loop_ho_loop_proc | return value |
|ap_ready            | out |    1| ap_ctrl_hs | Loop_ho_loop_proc | return value |
|output_r_address0   | out |    4|  ap_memory |      output_r     |     array    |
|output_r_ce0        | out |    1|  ap_memory |      output_r     |     array    |
|output_r_we0        | out |    1|  ap_memory |      output_r     |     array    |
|output_r_d0         | out |   32|  ap_memory |      output_r     |     array    |
|hiddenOut_address0  | out |    5|  ap_memory |     hiddenOut     |     array    |
|hiddenOut_ce0       | out |    1|  ap_memory |     hiddenOut     |     array    |
|hiddenOut_q0        |  in |   32|  ap_memory |     hiddenOut     |     array    |
+--------------------+-----+-----+------------+-------------------+--------------+

